# Logfile created on 2025-07-14 19:48:27 +0200 by logger.rb/56815
I, [2025-07-14T19:54:50.205660 #30344]  INFO -- : Error 50 : Attempting to access a recycled object : (object_type=13,object_id=69), ModelObject "Rainfall Event"
I, [2025-07-14T19:54:50.214153 #30344]  INFO -- : Error 13 : File Not Found : C:\Users\dijks\Documents\wastewatersimulation\wastewater\test0\12864270-84C3-497F-A3B0-D9891151DB66\WW6.DAT (error=2: "The system cannot find the file specified."), ModelObject "Waste Water"
I, [2025-07-14T19:54:50.214570 #30344]  INFO -- : Error 50 : Attempting to access a recycled object : (object_type=31,object_id=2), ModelObject "Selection List"
I, [2025-07-14T19:54:50.215583 #30344]  INFO -- : Error 13 : File Not Found : C:\Users\dijks\Documents\wastewatersimulation\wastewater\test0\12864270-84C3-497F-A3B0-D9891151DB66\SEL5.DAT (error=2: "The system cannot find the file specified."), ModelObject "Selection List"
I, [2025-07-14T19:55:33.614258 #30344]  INFO -- : Scenario monoscene created
I, [2025-07-14T19:57:22.225259 #14208]  INFO -- : setting up json file for ui
I, [2025-07-14T19:57:22.348814 #14208]  INFO -- : Error 50 : Attempting to access a recycled object : (object_type=13,object_id=69), ModelObject "Rainfall Event"
I, [2025-07-14T19:57:22.355359 #14208]  INFO -- : Error 13 : File Not Found : C:\Users\dijks\Documents\wastewatersimulation\wastewater\test0\12864270-84C3-497F-A3B0-D9891151DB66\WW6.DAT (error=2: "The system cannot find the file specified."), ModelObject "Waste Water"
I, [2025-07-14T19:57:22.355359 #14208]  INFO -- : Error 50 : Attempting to access a recycled object : (object_type=31,object_id=2), ModelObject "Selection List"
I, [2025-07-14T19:57:22.356351 #14208]  INFO -- : Error 13 : File Not Found : C:\Users\dijks\Documents\wastewatersimulation\wastewater\test0\12864270-84C3-497F-A3B0-D9891151DB66\SEL5.DAT (error=2: "The system cannot find the file specified."), ModelObject "Selection List"
I, [2025-07-14T19:57:22.361050 #14208]  INFO -- : finished setting up json file
I, [2025-07-14T19:57:22.361050 #14208]  INFO -- : launching ui
I, [2025-07-14T19:57:46.284307 #14208]  INFO -- : Ui finished
I, [2025-07-14T19:57:46.284307 #14208]  INFO -- : reading ui results
I, [2025-07-14T19:57:46.291445 #14208]  INFO -- : finished processing ui results
I, [2025-07-14T19:57:46.291445 #14208]  INFO -- : starting mass simulation
I, [2025-07-14T19:57:46.302096 #14208]  INFO -- : Scenario simparam created
I, [2025-07-14T19:58:08.396317 #14208]  INFO -- : mass simulation finished
I, [2025-07-14T19:58:08.397317 #14208]  INFO -- : exiting
I, [2025-07-14T20:00:20.511756 #30436]  INFO -- : setting up json file for ui
I, [2025-07-14T20:00:20.644758 #30436]  INFO -- : Error 50 : Attempting to access a recycled object : (object_type=13,object_id=69), ModelObject "Rainfall Event"
I, [2025-07-14T20:00:20.653770 #30436]  INFO -- : Error 13 : File Not Found : C:\Users\dijks\Documents\wastewatersimulation\wastewater\test0\12864270-84C3-497F-A3B0-D9891151DB66\WW6.DAT (error=2: "The system cannot find the file specified."), ModelObject "Waste Water"
I, [2025-07-14T20:00:20.654776 #30436]  INFO -- : Error 50 : Attempting to access a recycled object : (object_type=31,object_id=2), ModelObject "Selection List"
I, [2025-07-14T20:00:20.654776 #30436]  INFO -- : Error 13 : File Not Found : C:\Users\dijks\Documents\wastewatersimulation\wastewater\test0\12864270-84C3-497F-A3B0-D9891151DB66\SEL5.DAT (error=2: "The system cannot find the file specified."), ModelObject "Selection List"
I, [2025-07-14T20:00:20.659288 #30436]  INFO -- : finished setting up json file
I, [2025-07-14T20:00:20.659288 #30436]  INFO -- : launching ui
I, [2025-07-14T20:00:38.467565 #30436]  INFO -- : Ui finished
I, [2025-07-14T20:00:38.468560 #30436]  INFO -- : reading ui results
I, [2025-07-14T20:00:38.475603 #30436]  INFO -- : finished processing ui results
I, [2025-07-14T20:00:38.476585 #30436]  INFO -- : starting mass simulation
I, [2025-07-14T20:00:38.487605 #30436]  INFO -- : Scenario qwer created
I, [2025-07-14T20:00:39.489391 #30436]  INFO -- : scenarios committed
I, [2025-07-14T20:00:39.697835 #30436]  INFO -- : run ereqwr created
I, [2025-07-14T20:00:50.695936 #30436]  INFO -- : exporting to: C:/Users/dijks/Documents/wastewatersimulation/wastewater/results/ereqwr/qwer.0 bui#01
I, [2025-07-14T20:00:55.120269 #30436]  INFO -- : exporting to: C:/Users/dijks/Documents/wastewatersimulation/wastewater/results/ereqwr/qwer.0 bui#02
I, [2025-07-14T20:00:59.300049 #30436]  INFO -- : exporting to: C:/Users/dijks/Documents/wastewatersimulation/wastewater/results/ereqwr/qwer.1 bui#01
I, [2025-07-14T20:01:03.588006 #30436]  INFO -- : exporting to: C:/Users/dijks/Documents/wastewatersimulation/wastewater/results/ereqwr/qwer.1 bui#02
I, [2025-07-14T20:01:06.925821 #30436]  INFO -- : mass simulation finished
I, [2025-07-14T20:01:06.925821 #30436]  INFO -- : exiting
I, [2025-07-14T20:04:53.890304 #26236]  INFO -- : setting up json file for ui
I, [2025-07-14T20:04:54.026151 #26236]  INFO -- : Error 50 : Attempting to access a recycled object : (object_type=13,object_id=69), ModelObject "Rainfall Event"
I, [2025-07-14T20:04:54.034602 #26236]  INFO -- : Error 13 : File Not Found : C:\Users\dijks\Documents\wastewatersimulation\wastewater\test0\12864270-84C3-497F-A3B0-D9891151DB66\WW6.DAT (error=2: "The system cannot find the file specified."), ModelObject "Waste Water"
I, [2025-07-14T20:04:54.034602 #26236]  INFO -- : Error 50 : Attempting to access a recycled object : (object_type=31,object_id=2), ModelObject "Selection List"
I, [2025-07-14T20:04:54.035605 #26236]  INFO -- : Error 13 : File Not Found : C:\Users\dijks\Documents\wastewatersimulation\wastewater\test0\12864270-84C3-497F-A3B0-D9891151DB66\SEL5.DAT (error=2: "The system cannot find the file specified."), ModelObject "Selection List"
I, [2025-07-14T20:04:54.041080 #26236]  INFO -- : finished setting up json file
I, [2025-07-14T20:04:54.041080 #26236]  INFO -- : reading ui results
I, [2025-07-14T20:04:54.042083 #26236]  INFO -- : finished processing ui results
I, [2025-07-14T20:04:54.042083 #26236]  INFO -- : starting mass simulation
I, [2025-07-14T20:04:54.052045 #26236]  INFO -- : Scenario qwer0 created
I, [2025-07-14T20:04:54.901510 #26236]  INFO -- : scenarios committed
I, [2025-07-14T20:04:54.904529 #26236]  INFO -- : name: ereqwr already in use, trying new name
I, [2025-07-14T20:04:55.062193 #26236]  INFO -- : run ereqwr0 created
I, [2025-07-14T20:05:46.668391 #36848]  INFO -- : setting up json file for ui
I, [2025-07-14T20:05:46.804078 #36848]  INFO -- : Error 50 : Attempting to access a recycled object : (object_type=13,object_id=69), ModelObject "Rainfall Event"
I, [2025-07-14T20:05:46.812120 #36848]  INFO -- : Error 13 : File Not Found : C:\Users\dijks\Documents\wastewatersimulation\wastewater\test0\12864270-84C3-497F-A3B0-D9891151DB66\WW6.DAT (error=2: "The system cannot find the file specified."), ModelObject "Waste Water"
I, [2025-07-14T20:05:46.812120 #36848]  INFO -- : Error 50 : Attempting to access a recycled object : (object_type=31,object_id=2), ModelObject "Selection List"
I, [2025-07-14T20:05:46.813624 #36848]  INFO -- : Error 13 : File Not Found : C:\Users\dijks\Documents\wastewatersimulation\wastewater\test0\12864270-84C3-497F-A3B0-D9891151DB66\SEL5.DAT (error=2: "The system cannot find the file specified."), ModelObject "Selection List"
I, [2025-07-14T20:05:46.818138 #36848]  INFO -- : finished setting up json file
I, [2025-07-14T20:05:46.818138 #36848]  INFO -- : reading ui results
I, [2025-07-14T20:05:46.818138 #36848]  INFO -- : finished processing ui results
I, [2025-07-14T20:05:46.819643 #36848]  INFO -- : starting mass simulation
I, [2025-07-14T20:05:46.830068 #36848]  INFO -- : Scenario qwer1 created
I, [2025-07-14T20:05:47.736972 #36848]  INFO -- : scenarios committed
I, [2025-07-14T20:05:47.739475 #36848]  INFO -- : name: ereqwr already in use, trying new name
I, [2025-07-14T20:05:47.739475 #36848]  INFO -- : name: ereqwr0 already in use, trying new name
I, [2025-07-14T20:05:47.920012 #36848]  INFO -- : run ereqwr1 created
I, [2025-07-14T20:06:46.596854 #36200]  INFO -- : setting up json file for ui
I, [2025-07-14T20:06:46.728373 #36200]  INFO -- : Error 50 : Attempting to access a recycled object : (object_type=13,object_id=69), ModelObject "Rainfall Event"
I, [2025-07-14T20:06:46.737574 #36200]  INFO -- : Error 13 : File Not Found : C:\Users\dijks\Documents\wastewatersimulation\wastewater\test0\12864270-84C3-497F-A3B0-D9891151DB66\WW6.DAT (error=2: "The system cannot find the file specified."), ModelObject "Waste Water"
I, [2025-07-14T20:06:46.738573 #36200]  INFO -- : Error 50 : Attempting to access a recycled object : (object_type=31,object_id=2), ModelObject "Selection List"
I, [2025-07-14T20:06:46.738573 #36200]  INFO -- : Error 13 : File Not Found : C:\Users\dijks\Documents\wastewatersimulation\wastewater\test0\12864270-84C3-497F-A3B0-D9891151DB66\SEL5.DAT (error=2: "The system cannot find the file specified."), ModelObject "Selection List"
I, [2025-07-14T20:06:46.743591 #36200]  INFO -- : finished setting up json file
I, [2025-07-14T20:06:46.743591 #36200]  INFO -- : reading ui results
I, [2025-07-14T20:06:46.743591 #36200]  INFO -- : finished processing ui results
I, [2025-07-14T20:06:46.743591 #36200]  INFO -- : starting mass simulation
I, [2025-07-14T20:06:46.753799 #36200]  INFO -- : Scenario qwer2 created
I, [2025-07-14T20:06:47.610166 #36200]  INFO -- : scenarios committed
I, [2025-07-14T20:06:47.612165 #36200]  INFO -- : name: ereqwr already in use, trying new name
I, [2025-07-14T20:06:47.612165 #36200]  INFO -- : name: ereqwr0 already in use, trying new name
I, [2025-07-14T20:06:47.612165 #36200]  INFO -- : name: ereqwr1 already in use, trying new name
I, [2025-07-14T20:06:47.777961 #36200]  INFO -- : run ereqwr2 created
I, [2025-07-14T20:06:58.593846 #36200]  INFO -- : exporting to: C:/Users/dijks/Documents/wastewatersimulation/wastewater/results/ereqwr2/qwer2.0 bui#01
I, [2025-07-14T20:07:02.985948 #36200]  INFO -- : exporting to: C:/Users/dijks/Documents/wastewatersimulation/wastewater/results/ereqwr2/qwer2.0 bui#02
I, [2025-07-14T20:07:07.168342 #36200]  INFO -- : exporting to: C:/Users/dijks/Documents/wastewatersimulation/wastewater/results/ereqwr2/qwer2.1 bui#01
I, [2025-07-14T20:07:11.384649 #36200]  INFO -- : exporting to: C:/Users/dijks/Documents/wastewatersimulation/wastewater/results/ereqwr2/qwer2.1 bui#02
I, [2025-07-14T20:07:14.684208 #36200]  INFO -- : mass simulation finished
I, [2025-07-14T20:07:14.684208 #36200]  INFO -- : exiting
I, [2025-07-14T20:19:54.077340 #28260]  INFO -- : setting up json file for ui
I, [2025-07-14T20:20:09.181965 #32616]  INFO -- : setting up json file for ui
I, [2025-07-14T20:20:09.278618 #32616]  INFO -- : Error 50 : Attempting to access a recycled object : (object_type=13,object_id=69), ModelObject "Rainfall Event"
I, [2025-07-14T20:20:09.286048 #32616]  INFO -- : Error 13 : File Not Found : C:\Users\dijks\Documents\wastewatersimulation\wastewater\test0\12864270-84C3-497F-A3B0-D9891151DB66\WW6.DAT (error=2: "The system cannot find the file specified."), ModelObject "Waste Water"
I, [2025-07-14T20:20:09.286048 #32616]  INFO -- : Error 50 : Attempting to access a recycled object : (object_type=31,object_id=2), ModelObject "Selection List"
I, [2025-07-14T20:20:09.287048 #32616]  INFO -- : Error 13 : File Not Found : C:\Users\dijks\Documents\wastewatersimulation\wastewater\test0\12864270-84C3-497F-A3B0-D9891151DB66\SEL5.DAT (error=2: "The system cannot find the file specified."), ModelObject "Selection List"
I, [2025-07-14T20:20:09.288048 #32616]  INFO -- : finished setting up json file
I, [2025-07-14T20:20:09.288048 #32616]  INFO -- : launching ui
I, [2025-07-14T20:26:55.919454 #32616]  INFO -- : Ui finished
I, [2025-07-14T20:26:55.919454 #32616]  INFO -- : reading ui results
I, [2025-07-14T20:26:55.926490 #32616]  INFO -- : finished processing ui results
I, [2025-07-14T20:26:55.926490 #32616]  INFO -- : starting mass simulation
I, [2025-07-14T20:27:02.774160 #23644]  INFO -- : setting up json file for ui
I, [2025-07-14T20:27:02.935204 #23644]  INFO -- : Error 50 : Attempting to access a recycled object : (object_type=13,object_id=69), ModelObject "Rainfall Event"
I, [2025-07-14T20:27:02.943266 #23644]  INFO -- : Error 13 : File Not Found : C:\Users\dijks\Documents\wastewatersimulation\wastewater\test0\12864270-84C3-497F-A3B0-D9891151DB66\WW6.DAT (error=2: "The system cannot find the file specified."), ModelObject "Waste Water"
I, [2025-07-14T20:27:02.943266 #23644]  INFO -- : Error 50 : Attempting to access a recycled object : (object_type=31,object_id=2), ModelObject "Selection List"
I, [2025-07-14T20:27:02.944268 #23644]  INFO -- : Error 13 : File Not Found : C:\Users\dijks\Documents\wastewatersimulation\wastewater\test0\12864270-84C3-497F-A3B0-D9891151DB66\SEL5.DAT (error=2: "The system cannot find the file specified."), ModelObject "Selection List"
I, [2025-07-14T20:27:02.946266 #23644]  INFO -- : finished setting up json file
I, [2025-07-14T20:27:02.946266 #23644]  INFO -- : launching ui
I, [2025-07-14T20:29:07.020477 #28888]  INFO -- : setting up json file for ui
I, [2025-07-14T20:29:07.125992 #28888]  INFO -- : Error 50 : Attempting to access a recycled object : (object_type=13,object_id=69), ModelObject "Rainfall Event"
I, [2025-07-14T20:29:07.133433 #28888]  INFO -- : Error 13 : File Not Found : C:\Users\dijks\Documents\wastewatersimulation\wastewater\test0\12864270-84C3-497F-A3B0-D9891151DB66\WW6.DAT (error=2: "The system cannot find the file specified."), ModelObject "Waste Water"
I, [2025-07-14T20:29:07.133433 #28888]  INFO -- : Error 50 : Attempting to access a recycled object : (object_type=31,object_id=2), ModelObject "Selection List"
I, [2025-07-14T20:29:07.134724 #28888]  INFO -- : Error 13 : File Not Found : C:\Users\dijks\Documents\wastewatersimulation\wastewater\test0\12864270-84C3-497F-A3B0-D9891151DB66\SEL5.DAT (error=2: "The system cannot find the file specified."), ModelObject "Selection List"
I, [2025-07-14T20:29:07.136727 #28888]  INFO -- : finished setting up json file
I, [2025-07-14T20:29:07.136727 #28888]  INFO -- : launching ui
I, [2025-07-14T20:31:06.472044 #36896]  INFO -- : setting up json file for ui
I, [2025-07-14T20:31:39.635728 #1292]  INFO -- : setting up json file for ui
I, [2025-07-14T20:31:39.728076 #1292]  INFO -- : Error 50 : Attempting to access a recycled object : (object_type=13,object_id=69), ModelObject "Rainfall Event"
I, [2025-07-14T20:31:39.734945 #1292]  INFO -- : Error 13 : File Not Found : C:\Users\dijks\Documents\wastewatersimulation\wastewater\test0\12864270-84C3-497F-A3B0-D9891151DB66\WW6.DAT (error=2: "The system cannot find the file specified."), ModelObject "Waste Water"
I, [2025-07-14T20:31:39.734945 #1292]  INFO -- : Error 50 : Attempting to access a recycled object : (object_type=31,object_id=2), ModelObject "Selection List"
I, [2025-07-14T20:31:39.736034 #1292]  INFO -- : Error 13 : File Not Found : C:\Users\dijks\Documents\wastewatersimulation\wastewater\test0\12864270-84C3-497F-A3B0-D9891151DB66\SEL5.DAT (error=2: "The system cannot find the file specified."), ModelObject "Selection List"
I, [2025-07-14T20:31:39.738041 #1292]  INFO -- : finished setting up json file
I, [2025-07-14T20:31:39.738041 #1292]  INFO -- : launching ui
I, [2025-07-14T20:33:20.343040 #35648]  INFO -- : setting up json file for ui
I, [2025-07-14T20:33:20.437497 #35648]  INFO -- : Error 50 : Attempting to access a recycled object : (object_type=13,object_id=69), ModelObject "Rainfall Event"
I, [2025-07-14T20:33:20.445577 #35648]  INFO -- : Error 13 : File Not Found : C:\Users\dijks\Documents\wastewatersimulation\wastewater\test0\12864270-84C3-497F-A3B0-D9891151DB66\WW6.DAT (error=2: "The system cannot find the file specified."), ModelObject "Waste Water"
I, [2025-07-14T20:33:20.446584 #35648]  INFO -- : Error 50 : Attempting to access a recycled object : (object_type=31,object_id=2), ModelObject "Selection List"
I, [2025-07-14T20:33:20.446584 #35648]  INFO -- : Error 13 : File Not Found : C:\Users\dijks\Documents\wastewatersimulation\wastewater\test0\12864270-84C3-497F-A3B0-D9891151DB66\SEL5.DAT (error=2: "The system cannot find the file specified."), ModelObject "Selection List"
I, [2025-07-14T20:33:20.448585 #35648]  INFO -- : finished setting up json file
I, [2025-07-14T20:33:20.448585 #35648]  INFO -- : launching ui
I, [2025-07-14T20:34:14.833841 #35648]  INFO -- : Ui finished
I, [2025-07-14T20:34:14.833841 #35648]  INFO -- : reading ui results
I, [2025-07-14T20:34:14.840362 #35648]  INFO -- : finished processing ui results
I, [2025-07-14T20:34:14.840362 #35648]  INFO -- : starting mass simulation
I, [2025-07-14T20:34:14.851978 #35648]  INFO -- : Scenario Mussolini created
I, [2025-07-14T20:34:20.077309 #35648]  INFO -- : scenarios committed
I, [2025-07-14T20:34:20.449448 #35648]  INFO -- : run Jundictator created
I, [2025-07-14T20:34:57.538521 #35648]  INFO -- : exporting to: C:/Users/dijks/Documents/wastewatersimulation/wastewater/results/Jundictator/Mussolini.0.0 bui#01
I, [2025-07-14T20:35:02.158338 #35648]  INFO -- : exporting to: C:/Users/dijks/Documents/wastewatersimulation/wastewater/results/Jundictator/Mussolini.0.0 bui#02
I, [2025-07-14T20:35:05.311077 #35648]  INFO -- : exporting to: C:/Users/dijks/Documents/wastewatersimulation/wastewater/results/Jundictator/Mussolini.0.0 bui#03
I, [2025-07-14T20:35:08.364413 #35648]  INFO -- : exporting to: C:/Users/dijks/Documents/wastewatersimulation/wastewater/results/Jundictator/Mussolini.0.1 bui#01
I, [2025-07-14T20:35:11.444818 #35648]  INFO -- : exporting to: C:/Users/dijks/Documents/wastewatersimulation/wastewater/results/Jundictator/Mussolini.0.1 bui#02
I, [2025-07-14T20:35:14.508669 #35648]  INFO -- : exporting to: C:/Users/dijks/Documents/wastewatersimulation/wastewater/results/Jundictator/Mussolini.0.1 bui#03
I, [2025-07-14T20:35:17.557384 #35648]  INFO -- : exporting to: C:/Users/dijks/Documents/wastewatersimulation/wastewater/results/Jundictator/Mussolini.0.2 bui#01
I, [2025-07-14T20:35:20.736186 #35648]  INFO -- : exporting to: C:/Users/dijks/Documents/wastewatersimulation/wastewater/results/Jundictator/Mussolini.0.2 bui#02
I, [2025-07-14T20:35:23.902573 #35648]  INFO -- : exporting to: C:/Users/dijks/Documents/wastewatersimulation/wastewater/results/Jundictator/Mussolini.0.2 bui#03
I, [2025-07-14T20:35:27.044619 #35648]  INFO -- : exporting to: C:/Users/dijks/Documents/wastewatersimulation/wastewater/results/Jundictator/Mussolini.1.0 bui#01
I, [2025-07-14T20:35:30.221092 #35648]  INFO -- : exporting to: C:/Users/dijks/Documents/wastewatersimulation/wastewater/results/Jundictator/Mussolini.1.0 bui#02
I, [2025-07-14T20:35:33.356772 #35648]  INFO -- : exporting to: C:/Users/dijks/Documents/wastewatersimulation/wastewater/results/Jundictator/Mussolini.1.0 bui#03
I, [2025-07-14T20:35:36.411067 #35648]  INFO -- : exporting to: C:/Users/dijks/Documents/wastewatersimulation/wastewater/results/Jundictator/Mussolini.1.1 bui#01
I, [2025-07-14T20:35:39.442018 #35648]  INFO -- : exporting to: C:/Users/dijks/Documents/wastewatersimulation/wastewater/results/Jundictator/Mussolini.1.1 bui#02
I, [2025-07-14T20:35:42.451076 #35648]  INFO -- : exporting to: C:/Users/dijks/Documents/wastewatersimulation/wastewater/results/Jundictator/Mussolini.1.1 bui#03
I, [2025-07-14T20:35:45.524462 #35648]  INFO -- : exporting to: C:/Users/dijks/Documents/wastewatersimulation/wastewater/results/Jundictator/Mussolini.1.2 bui#01
I, [2025-07-14T20:35:48.540356 #35648]  INFO -- : exporting to: C:/Users/dijks/Documents/wastewatersimulation/wastewater/results/Jundictator/Mussolini.1.2 bui#02
I, [2025-07-14T20:35:51.613868 #35648]  INFO -- : exporting to: C:/Users/dijks/Documents/wastewatersimulation/wastewater/results/Jundictator/Mussolini.1.2 bui#03
I, [2025-07-14T20:35:53.810021 #35648]  INFO -- : mass simulation finished
I, [2025-07-14T20:35:53.811028 #35648]  INFO -- : exiting
I, [2025-07-14T20:36:37.940965 #34228]  INFO -- : setting up json file for ui
I, [2025-07-14T20:36:38.034519 #34228]  INFO -- : Error 50 : Attempting to access a recycled object : (object_type=13,object_id=69), ModelObject "Rainfall Event"
I, [2025-07-14T20:36:38.042066 #34228]  INFO -- : Error 13 : File Not Found : C:\Users\dijks\Documents\wastewatersimulation\wastewater\test0\12864270-84C3-497F-A3B0-D9891151DB66\WW6.DAT (error=2: "The system cannot find the file specified."), ModelObject "Waste Water"
I, [2025-07-14T20:36:38.042066 #34228]  INFO -- : Error 50 : Attempting to access a recycled object : (object_type=31,object_id=2), ModelObject "Selection List"
I, [2025-07-14T20:36:38.043072 #34228]  INFO -- : Error 13 : File Not Found : C:\Users\dijks\Documents\wastewatersimulation\wastewater\test0\12864270-84C3-497F-A3B0-D9891151DB66\SEL5.DAT (error=2: "The system cannot find the file specified."), ModelObject "Selection List"
I, [2025-07-14T20:36:38.045066 #34228]  INFO -- : finished setting up json file
I, [2025-07-14T20:36:38.045066 #34228]  INFO -- : launching ui
I, [2025-07-14T20:38:12.672083 #34228]  INFO -- : Ui finished
I, [2025-07-14T20:38:12.672083 #34228]  INFO -- : reading ui results
I, [2025-07-14T20:38:12.676091 #34228]  INFO -- : finished processing ui results
I, [2025-07-14T20:38:12.676091 #34228]  INFO -- : starting mass simulation
I, [2025-07-14T21:04:19.050927 #30460]  INFO -- : setting up json file for ui
I, [2025-07-14T21:04:19.157368 #30460]  INFO -- : Error 50 : Attempting to access a recycled object : (object_type=13,object_id=69), ModelObject "Rainfall Event"
I, [2025-07-14T21:04:19.164488 #30460]  INFO -- : Error 13 : File Not Found : C:\Users\dijks\Documents\wastewatersimulation\wastewater\test0\12864270-84C3-497F-A3B0-D9891151DB66\WW6.DAT (error=2: "The system cannot find the file specified."), ModelObject "Waste Water"
I, [2025-07-14T21:04:19.165992 #30460]  INFO -- : Error 50 : Attempting to access a recycled object : (object_type=31,object_id=2), ModelObject "Selection List"
I, [2025-07-14T21:04:19.165992 #30460]  INFO -- : Error 13 : File Not Found : C:\Users\dijks\Documents\wastewatersimulation\wastewater\test0\12864270-84C3-497F-A3B0-D9891151DB66\SEL5.DAT (error=2: "The system cannot find the file specified."), ModelObject "Selection List"
I, [2025-07-14T21:04:19.168005 #30460]  INFO -- : finished setting up json file
I, [2025-07-14T21:04:19.175036 #30460]  INFO -- : finished processing ui results
I, [2025-07-14T21:04:19.175036 #30460]  INFO -- : starting mass simulation
I, [2025-07-14T21:04:42.432736 #26676]  INFO -- : setting up json file for ui
I, [2025-07-14T21:04:42.530308 #26676]  INFO -- : Error 50 : Attempting to access a recycled object : (object_type=13,object_id=69), ModelObject "Rainfall Event"
I, [2025-07-14T21:04:42.537655 #26676]  INFO -- : Error 13 : File Not Found : C:\Users\dijks\Documents\wastewatersimulation\wastewater\test0\12864270-84C3-497F-A3B0-D9891151DB66\WW6.DAT (error=2: "The system cannot find the file specified."), ModelObject "Waste Water"
I, [2025-07-14T21:04:42.537655 #26676]  INFO -- : Error 50 : Attempting to access a recycled object : (object_type=31,object_id=2), ModelObject "Selection List"
I, [2025-07-14T21:04:42.537655 #26676]  INFO -- : Error 13 : File Not Found : C:\Users\dijks\Documents\wastewatersimulation\wastewater\test0\12864270-84C3-497F-A3B0-D9891151DB66\SEL5.DAT (error=2: "The system cannot find the file specified."), ModelObject "Selection List"
I, [2025-07-14T21:04:42.540177 #26676]  INFO -- : finished setting up json file
I, [2025-07-14T21:04:42.540177 #26676]  INFO -- : finished processing ui results
I, [2025-07-14T21:04:42.540177 #26676]  INFO -- : starting mass simulation
I, [2025-07-14T21:05:17.816024 #2724]  INFO -- : setting up json file for ui
I, [2025-07-14T21:05:17.914283 #2724]  INFO -- : Error 50 : Attempting to access a recycled object : (object_type=13,object_id=69), ModelObject "Rainfall Event"
I, [2025-07-14T21:05:17.922694 #2724]  INFO -- : Error 13 : File Not Found : C:\Users\dijks\Documents\wastewatersimulation\wastewater\test0\12864270-84C3-497F-A3B0-D9891151DB66\WW6.DAT (error=2: "The system cannot find the file specified."), ModelObject "Waste Water"
I, [2025-07-14T21:05:17.923693 #2724]  INFO -- : Error 50 : Attempting to access a recycled object : (object_type=31,object_id=2), ModelObject "Selection List"
I, [2025-07-14T21:05:17.923693 #2724]  INFO -- : Error 13 : File Not Found : C:\Users\dijks\Documents\wastewatersimulation\wastewater\test0\12864270-84C3-497F-A3B0-D9891151DB66\SEL5.DAT (error=2: "The system cannot find the file specified."), ModelObject "Selection List"
I, [2025-07-14T21:05:17.926702 #2724]  INFO -- : finished setting up json file
I, [2025-07-14T21:05:17.926702 #2724]  INFO -- : finished processing ui results
I, [2025-07-14T21:05:17.926702 #2724]  INFO -- : starting mass simulation
I, [2025-07-14T21:06:11.240407 #30896]  INFO -- : setting up json file for ui
I, [2025-07-14T21:06:11.341077 #30896]  INFO -- : Error 50 : Attempting to access a recycled object : (object_type=13,object_id=69), ModelObject "Rainfall Event"
I, [2025-07-14T21:06:11.349094 #30896]  INFO -- : Error 13 : File Not Found : C:\Users\dijks\Documents\wastewatersimulation\wastewater\test0\12864270-84C3-497F-A3B0-D9891151DB66\WW6.DAT (error=2: "The system cannot find the file specified."), ModelObject "Waste Water"
I, [2025-07-14T21:06:11.349610 #30896]  INFO -- : Error 50 : Attempting to access a recycled object : (object_type=31,object_id=2), ModelObject "Selection List"
I, [2025-07-14T21:06:11.350145 #30896]  INFO -- : Error 13 : File Not Found : C:\Users\dijks\Documents\wastewatersimulation\wastewater\test0\12864270-84C3-497F-A3B0-D9891151DB66\SEL5.DAT (error=2: "The system cannot find the file specified."), ModelObject "Selection List"
I, [2025-07-14T21:06:11.352676 #30896]  INFO -- : finished setting up json file
I, [2025-07-14T21:06:11.352676 #30896]  INFO -- : finished processing ui results
I, [2025-07-14T21:06:11.352676 #30896]  INFO -- : starting mass simulation
I, [2025-07-14T21:06:11.362755 #30896]  INFO -- : Scenario structure created
I, [2025-07-14T21:06:12.202680 #30896]  INFO -- : scenarios committed
I, [2025-07-14T21:06:12.391291 #30896]  INFO -- : run rework created
I, [2025-07-14T21:06:22.431723 #30896]  INFO -- : exporting to: C:/Users/dijks/Documents/wastewatersimulation/wastewater/results/rework/structure.0 Blokbui 70 mm
I, [2025-07-14T21:06:25.823020 #30896]  INFO -- : exporting to: C:/Users/dijks/Documents/wastewatersimulation/wastewater/results/rework/structure.0 Blokbui 90 mm
I, [2025-07-14T21:06:28.855493 #30896]  INFO -- : exporting to: C:/Users/dijks/Documents/wastewatersimulation/wastewater/results/rework/structure.1 Blokbui 70 mm
I, [2025-07-14T21:06:31.940406 #30896]  INFO -- : exporting to: C:/Users/dijks/Documents/wastewatersimulation/wastewater/results/rework/structure.1 Blokbui 90 mm
I, [2025-07-14T21:06:34.147252 #30896]  INFO -- : mass simulation finished
I, [2025-07-14T21:06:34.147252 #30896]  INFO -- : exiting
I, [2025-07-14T21:10:06.251156 #12756]  INFO -- : setting up json file for ui
I, [2025-07-14T21:10:06.349206 #12756]  INFO -- : Error 50 : Attempting to access a recycled object : (object_type=13,object_id=69), ModelObject "Rainfall Event"
I, [2025-07-14T21:10:06.356514 #12756]  INFO -- : Error 13 : File Not Found : C:\Users\dijks\Documents\wastewatersimulation\wastewater\test0\12864270-84C3-497F-A3B0-D9891151DB66\WW6.DAT (error=2: "The system cannot find the file specified."), ModelObject "Waste Water"
I, [2025-07-14T21:10:06.356514 #12756]  INFO -- : Error 50 : Attempting to access a recycled object : (object_type=31,object_id=2), ModelObject "Selection List"
I, [2025-07-14T21:10:06.358086 #12756]  INFO -- : Error 13 : File Not Found : C:\Users\dijks\Documents\wastewatersimulation\wastewater\test0\12864270-84C3-497F-A3B0-D9891151DB66\SEL5.DAT (error=2: "The system cannot find the file specified."), ModelObject "Selection List"
I, [2025-07-14T21:10:06.360112 #12756]  INFO -- : finished setting up json file
I, [2025-07-14T21:10:06.360112 #12756]  INFO -- : finished processing ui results
I, [2025-07-14T21:10:06.360112 #12756]  INFO -- : starting mass simulation
I, [2025-07-14T21:10:06.371093 #12756]  INFO -- : Scenario structure0 created
I, [2025-07-14T21:10:07.175208 #12756]  INFO -- : scenarios committed
I, [2025-07-14T21:10:07.180295 #12756]  INFO -- : name: rework already in use, trying new name
I, [2025-07-14T21:10:07.357764 #12756]  INFO -- : run rework0 created
I, [2025-07-14T21:10:34.887811 #36368]  INFO -- : setting up json file for ui
I, [2025-07-14T21:10:34.991005 #36368]  INFO -- : Error 50 : Attempting to access a recycled object : (object_type=13,object_id=69), ModelObject "Rainfall Event"
I, [2025-07-14T21:10:34.999026 #36368]  INFO -- : Error 13 : File Not Found : C:\Users\dijks\Documents\wastewatersimulation\wastewater\test0\12864270-84C3-497F-A3B0-D9891151DB66\WW6.DAT (error=2: "The system cannot find the file specified."), ModelObject "Waste Water"
I, [2025-07-14T21:10:34.999534 #36368]  INFO -- : Error 50 : Attempting to access a recycled object : (object_type=31,object_id=2), ModelObject "Selection List"
I, [2025-07-14T21:10:35.000041 #36368]  INFO -- : Error 13 : File Not Found : C:\Users\dijks\Documents\wastewatersimulation\wastewater\test0\12864270-84C3-497F-A3B0-D9891151DB66\SEL5.DAT (error=2: "The system cannot find the file specified."), ModelObject "Selection List"
I, [2025-07-14T21:10:35.002474 #36368]  INFO -- : finished setting up json file
I, [2025-07-14T21:10:35.002474 #36368]  INFO -- : finished processing ui results
I, [2025-07-14T21:10:35.002474 #36368]  INFO -- : starting mass simulation
I, [2025-07-14T21:10:35.012598 #36368]  INFO -- : Scenario structure1 created
I, [2025-07-14T21:10:35.821080 #36368]  INFO -- : scenarios committed
I, [2025-07-14T21:10:35.825852 #36368]  INFO -- : name: rework already in use, trying new name
I, [2025-07-14T21:10:35.825852 #36368]  INFO -- : name: rework0 already in use, trying new name
I, [2025-07-14T21:10:35.984206 #36368]  INFO -- : run rework1 created
I, [2025-07-14T21:10:45.955670 #36368]  INFO -- : exporting to: C:/Users/dijks/Documents/wastewatersimulation/wastewater/results/rework1/structure1.0 Blokbui 70 mm
I, [2025-07-14T21:10:49.332758 #36368]  INFO -- : exporting to: C:/Users/dijks/Documents/wastewatersimulation/wastewater/results/rework1/structure1.0 Blokbui 90 mm
I, [2025-07-14T21:10:52.371420 #36368]  INFO -- : exporting to: C:/Users/dijks/Documents/wastewatersimulation/wastewater/results/rework1/structure1.1 Blokbui 70 mm
I, [2025-07-14T21:10:55.423495 #36368]  INFO -- : exporting to: C:/Users/dijks/Documents/wastewatersimulation/wastewater/results/rework1/structure1.1 Blokbui 90 mm
I, [2025-07-14T21:10:57.612629 #36368]  INFO -- : mass simulation finished
I, [2025-07-14T21:10:57.612629 #36368]  INFO -- : exiting
I, [2025-07-14T21:12:14.323643 #15296]  INFO -- : setting up json file for ui
I, [2025-07-14T21:12:14.424695 #15296]  INFO -- : Error 50 : Attempting to access a recycled object : (object_type=13,object_id=69), ModelObject "Rainfall Event"
I, [2025-07-14T21:12:14.431077 #15296]  INFO -- : Error 13 : File Not Found : C:\Users\dijks\Documents\wastewatersimulation\wastewater\test0\12864270-84C3-497F-A3B0-D9891151DB66\WW6.DAT (error=2: "The system cannot find the file specified."), ModelObject "Waste Water"
I, [2025-07-14T21:12:14.432591 #15296]  INFO -- : Error 50 : Attempting to access a recycled object : (object_type=31,object_id=2), ModelObject "Selection List"
I, [2025-07-14T21:12:14.432591 #15296]  INFO -- : Error 13 : File Not Found : C:\Users\dijks\Documents\wastewatersimulation\wastewater\test0\12864270-84C3-497F-A3B0-D9891151DB66\SEL5.DAT (error=2: "The system cannot find the file specified."), ModelObject "Selection List"
I, [2025-07-14T21:12:14.434600 #15296]  INFO -- : finished setting up json file
I, [2025-07-14T21:12:14.434600 #15296]  INFO -- : finished processing ui results
I, [2025-07-14T21:12:14.434600 #15296]  INFO -- : starting mass simulation
I, [2025-07-14T21:12:14.445635 #15296]  INFO -- : Scenario structure2 created
I, [2025-07-14T21:12:15.249698 #15296]  INFO -- : scenarios committed
I, [2025-07-14T21:12:15.254774 #15296]  INFO -- : name: rework already in use, trying new name
I, [2025-07-14T21:12:15.254774 #15296]  INFO -- : name: rework0 already in use, trying new name
I, [2025-07-14T21:12:15.254774 #15296]  INFO -- : name: rework1 already in use, trying new name
I, [2025-07-14T21:12:15.395685 #15296]  INFO -- : run rework2 created
I, [2025-07-14T21:12:25.774780 #15296]  INFO -- : exporting to: C:/Users/dijks/Documents/wastewatersimulation/wastewater/results/rework2/structure2.0 Blokbui 70 mm
I, [2025-07-14T21:12:29.167476 #15296]  INFO -- : exporting to: C:/Users/dijks/Documents/wastewatersimulation/wastewater/results/rework2/structure2.0 Blokbui 90 mm
I, [2025-07-14T21:12:32.252839 #15296]  INFO -- : exporting to: C:/Users/dijks/Documents/wastewatersimulation/wastewater/results/rework2/structure2.1 Blokbui 70 mm
I, [2025-07-14T21:12:35.358040 #15296]  INFO -- : exporting to: C:/Users/dijks/Documents/wastewatersimulation/wastewater/results/rework2/structure2.1 Blokbui 90 mm
I, [2025-07-14T21:12:37.613147 #15296]  INFO -- : mass simulation finished
I, [2025-07-14T21:12:37.613147 #15296]  INFO -- : exiting
I, [2025-07-14T22:19:21.470434 #19096]  INFO -- : setting up json file for ui
I, [2025-07-14T22:19:21.584204 #19096]  INFO -- : Error 50 : Attempting to access a recycled object : (object_type=13,object_id=69), ModelObject "Rainfall Event"
I, [2025-07-14T22:19:21.597418 #19096]  INFO -- : Error 13 : File Not Found : C:\Users\dijks\Documents\wastewatersimulation\wastewater\test0\12864270-84C3-497F-A3B0-D9891151DB66\WW6.DAT (error=2: "The system cannot find the file specified."), ModelObject "Waste Water"
I, [2025-07-14T22:19:21.598414 #19096]  INFO -- : Error 50 : Attempting to access a recycled object : (object_type=31,object_id=2), ModelObject "Selection List"
I, [2025-07-14T22:19:21.599414 #19096]  INFO -- : Error 13 : File Not Found : C:\Users\dijks\Documents\wastewatersimulation\wastewater\test0\12864270-84C3-497F-A3B0-D9891151DB66\SEL5.DAT (error=2: "The system cannot find the file specified."), ModelObject "Selection List"
I, [2025-07-14T22:19:21.601806 #19096]  INFO -- : finished setting up json file
I, [2025-07-14T22:19:21.601806 #19096]  INFO -- : finished processing ui results
I, [2025-07-14T22:19:21.601806 #19096]  INFO -- : starting mass simulation
I, [2025-07-14T22:19:51.877985 #33860]  INFO -- : setting up json file for ui
I, [2025-07-14T22:19:51.971405 #33860]  INFO -- : Error 50 : Attempting to access a recycled object : (object_type=13,object_id=69), ModelObject "Rainfall Event"
I, [2025-07-14T22:19:51.978405 #33860]  INFO -- : Error 13 : File Not Found : C:\Users\dijks\Documents\wastewatersimulation\wastewater\test0\12864270-84C3-497F-A3B0-D9891151DB66\WW6.DAT (error=2: "The system cannot find the file specified."), ModelObject "Waste Water"
I, [2025-07-14T22:19:51.978405 #33860]  INFO -- : Error 50 : Attempting to access a recycled object : (object_type=31,object_id=2), ModelObject "Selection List"
I, [2025-07-14T22:19:51.979404 #33860]  INFO -- : Error 13 : File Not Found : C:\Users\dijks\Documents\wastewatersimulation\wastewater\test0\12864270-84C3-497F-A3B0-D9891151DB66\SEL5.DAT (error=2: "The system cannot find the file specified."), ModelObject "Selection List"
I, [2025-07-14T22:19:51.981523 #33860]  INFO -- : finished setting up json file
I, [2025-07-14T22:19:51.981523 #33860]  INFO -- : launching ui
I, [2025-07-14T22:20:24.077788 #33860]  INFO -- : Ui finished
I, [2025-07-14T22:20:24.077788 #33860]  INFO -- : reading ui results
I, [2025-07-14T22:20:24.077788 #33860]  INFO -- : finished processing ui results
I, [2025-07-14T22:20:24.077788 #33860]  INFO -- : starting mass simulation
I, [2025-07-14T22:20:24.082335 #33860]  INFO -- : Scenario test created
I, [2025-07-14T22:20:46.977925 #30884]  INFO -- : setting up json file for ui
I, [2025-07-14T22:20:47.078609 #30884]  INFO -- : Error 50 : Attempting to access a recycled object : (object_type=13,object_id=69), ModelObject "Rainfall Event"
I, [2025-07-14T22:20:47.087136 #30884]  INFO -- : Error 13 : File Not Found : C:\Users\dijks\Documents\wastewatersimulation\wastewater\test0\12864270-84C3-497F-A3B0-D9891151DB66\WW6.DAT (error=2: "The system cannot find the file specified."), ModelObject "Waste Water"
I, [2025-07-14T22:20:47.087658 #30884]  INFO -- : Error 50 : Attempting to access a recycled object : (object_type=31,object_id=2), ModelObject "Selection List"
I, [2025-07-14T22:20:47.088173 #30884]  INFO -- : Error 13 : File Not Found : C:\Users\dijks\Documents\wastewatersimulation\wastewater\test0\12864270-84C3-497F-A3B0-D9891151DB66\SEL5.DAT (error=2: "The system cannot find the file specified."), ModelObject "Selection List"
I, [2025-07-14T22:20:47.090195 #30884]  INFO -- : finished setting up json file
I, [2025-07-14T22:20:47.090195 #30884]  INFO -- : launching ui
I, [2025-07-14T22:21:28.347153 #30884]  INFO -- : Ui finished
I, [2025-07-14T22:21:28.347153 #30884]  INFO -- : reading ui results
I, [2025-07-14T22:21:28.348153 #30884]  INFO -- : finished processing ui results
I, [2025-07-14T22:21:28.348153 #30884]  INFO -- : starting mass simulation
I, [2025-07-14T22:21:28.360196 #30884]  INFO -- : Scenario test0 created
I, [2025-07-14T22:21:30.020008 #30884]  INFO -- : scenarios committed
I, [2025-07-14T22:21:30.298070 #30884]  INFO -- : run test created
I, [2025-07-14T22:21:41.300048 #30884]  INFO -- : exporting to: C:/Users/dijks/Documents/wastewatersimulation/wastewater/results/test/test0.0.0 Blokbui 70 mm
I, [2025-07-14T22:21:44.790328 #30884]  INFO -- : exporting to: C:/Users/dijks/Documents/wastewatersimulation/wastewater/results/test/test0.0.0 Blokbui 90 mm
I, [2025-07-14T22:21:47.924357 #30884]  INFO -- : exporting to: C:/Users/dijks/Documents/wastewatersimulation/wastewater/results/test/test0.0.1 Blokbui 70 mm
I, [2025-07-14T22:21:51.032754 #30884]  INFO -- : exporting to: C:/Users/dijks/Documents/wastewatersimulation/wastewater/results/test/test0.0.1 Blokbui 90 mm
I, [2025-07-14T22:21:53.313120 #30884]  INFO -- : Simulation has finished and is exported
I, [2025-07-14T22:21:53.314120 #30884]  INFO -- : exiting
